<?xml version="1.0" encoding="UTF-8"?>
<!-- Generated by org.testng.reporters.JUnitXMLReporter -->
<testsuite ignored="0" hostname="SAIBABA" failures="1" tests="3" name="Surefire test" time="38.924" errors="0" timestamp="2025-02-21T20:35:25 EST">
  <testcase classname="selenium.tests.ErrorValidationsTest" name="LoginErrorValidation" time="1.24">
    <skipped/>
  </testcase> <!-- LoginErrorValidation -->
  <testcase classname="selenium.tests.ErrorValidationsTest" name="LoginErrorValidation" time="1.069">
    <failure type="java.lang.AssertionError" message="expected [Incorrect email or password.] but found [Incorrect email  password.]">
      <![CDATA[java.lang.AssertionError: expected [Incorrect email or password.] but found [Incorrect email  password.]
at selenium.tests.ErrorValidationsTest.LoginErrorValidation(ErrorValidationsTest.java:23)
at java.base/java.util.ArrayList.forEach(ArrayList.java:1596)
... Removed 36 stack frames]]>
    </failure>
  </testcase> <!-- LoginErrorValidation -->
  <testcase classname="selenium.tests.ErrorValidationsTest" name="ProductErrorValidation" time="4.46"/>
</testsuite> <!-- Surefire test -->
